mode: atomic
github.com/terrpan/polly/internal/app/container.go:35.60,43.36 5 0
github.com/terrpan/polly/internal/app/container.go:43.36,46.17 3 0
github.com/terrpan/polly/internal/app/container.go:46.17,48.4 1 0
github.com/terrpan/polly/internal/app/container.go:50.3,51.17 2 0
github.com/terrpan/polly/internal/app/container.go:51.17,53.4 1 0
github.com/terrpan/polly/internal/app/container.go:54.8,54.47 1 0
github.com/terrpan/polly/internal/app/container.go:54.47,57.88 3 0
github.com/terrpan/polly/internal/app/container.go:57.88,59.4 1 0
github.com/terrpan/polly/internal/app/container.go:60.8,62.3 1 0
github.com/terrpan/polly/internal/app/container.go:64.2,68.16 3 0
github.com/terrpan/polly/internal/app/container.go:68.16,70.3 1 0
github.com/terrpan/polly/internal/app/container.go:71.2,95.16 9 0
github.com/terrpan/polly/internal/app/container.go:95.16,98.3 2 0
github.com/terrpan/polly/internal/app/container.go:99.2,101.15 3 0
github.com/terrpan/polly/internal/app/container.go:105.57,113.2 3 2
github.com/terrpan/polly/internal/app/middleware.go:9.72,10.54 1 5
github.com/terrpan/polly/internal/app/middleware.go:10.54,13.3 2 5
github.com/terrpan/polly/internal/app/routes.go:6.60,14.2 2 0
github.com/terrpan/polly/internal/app/server.go:20.46,39.2 4 0
github.com/terrpan/polly/internal/app/server.go:42.32,44.85 2 0
github.com/terrpan/polly/internal/app/server.go:44.85,47.3 2 0
github.com/terrpan/polly/internal/app/server.go:48.2,48.12 1 0
github.com/terrpan/polly/internal/app/server.go:52.54,54.51 2 0
github.com/terrpan/polly/internal/app/server.go:54.51,57.3 2 0
github.com/terrpan/polly/internal/app/server.go:58.2,59.12 2 0
github.com/terrpan/polly/internal/clients/github.go:28.57,33.2 2 3
github.com/terrpan/polly/internal/clients/github.go:36.93,46.16 2 2
github.com/terrpan/polly/internal/clients/github.go:46.16,48.3 1 2
github.com/terrpan/polly/internal/clients/github.go:50.2,55.8 3 0
github.com/terrpan/polly/internal/clients/github.go:59.78,60.17 1 2
github.com/terrpan/polly/internal/clients/github.go:60.17,62.3 1 1
github.com/terrpan/polly/internal/clients/github.go:64.2,65.12 2 1
github.com/terrpan/polly/internal/clients/github.go:69.121,71.16 2 2
github.com/terrpan/polly/internal/clients/github.go:71.16,73.3 1 1
github.com/terrpan/polly/internal/clients/github.go:75.2,75.16 1 1
github.com/terrpan/polly/internal/clients/github.go:79.112,81.16 2 2
github.com/terrpan/polly/internal/clients/github.go:81.16,83.3 1 1
github.com/terrpan/polly/internal/clients/github.go:85.2,85.12 1 1
github.com/terrpan/polly/internal/clients/github.go:89.117,100.16 3 2
github.com/terrpan/polly/internal/clients/github.go:100.16,102.3 1 1
github.com/terrpan/polly/internal/clients/github.go:104.2,104.22 1 1
github.com/terrpan/polly/internal/clients/github.go:108.176,115.23 2 2
github.com/terrpan/polly/internal/clients/github.go:115.23,120.3 2 1
github.com/terrpan/polly/internal/clients/github.go:123.2,123.19 1 2
github.com/terrpan/polly/internal/clients/github.go:123.19,125.3 1 0
github.com/terrpan/polly/internal/clients/github.go:127.2,128.16 2 2
github.com/terrpan/polly/internal/clients/github.go:128.16,130.3 1 1
github.com/terrpan/polly/internal/clients/github.go:132.2,132.12 1 1
github.com/terrpan/polly/internal/clients/github.go:136.121,138.16 2 2
github.com/terrpan/polly/internal/clients/github.go:138.16,140.3 1 1
github.com/terrpan/polly/internal/clients/github.go:142.2,142.22 1 1
github.com/terrpan/polly/internal/clients/github.go:146.112,148.16 2 2
github.com/terrpan/polly/internal/clients/github.go:148.16,150.3 1 1
github.com/terrpan/polly/internal/clients/github.go:152.2,152.33 1 1
github.com/terrpan/polly/internal/clients/github.go:156.133,164.6 3 2
github.com/terrpan/polly/internal/clients/github.go:164.6,166.17 2 2
github.com/terrpan/polly/internal/clients/github.go:166.17,168.4 1 1
github.com/terrpan/polly/internal/clients/github.go:170.3,172.25 2 1
github.com/terrpan/polly/internal/clients/github.go:172.25,173.9 1 1
github.com/terrpan/polly/internal/clients/github.go:175.3,175.28 1 0
github.com/terrpan/polly/internal/clients/github.go:178.2,178.26 1 1
github.com/terrpan/polly/internal/clients/github.go:182.116,187.16 3 0
github.com/terrpan/polly/internal/clients/github.go:187.16,189.3 1 0
github.com/terrpan/polly/internal/clients/github.go:191.2,191.49 1 0
github.com/terrpan/polly/internal/clients/github.go:191.49,193.3 1 0
github.com/terrpan/polly/internal/clients/github.go:196.2,197.16 2 0
github.com/terrpan/polly/internal/clients/github.go:197.16,199.3 1 0
github.com/terrpan/polly/internal/clients/github.go:202.2,207.16 3 0
github.com/terrpan/polly/internal/clients/github.go:207.16,209.3 1 0
github.com/terrpan/polly/internal/clients/github.go:211.2,212.16 2 0
github.com/terrpan/polly/internal/clients/github.go:212.16,214.3 1 0
github.com/terrpan/polly/internal/clients/github.go:215.2,217.38 2 0
github.com/terrpan/polly/internal/clients/github.go:217.38,219.3 1 0
github.com/terrpan/polly/internal/clients/github.go:222.2,224.16 3 0
github.com/terrpan/polly/internal/clients/github.go:224.16,226.3 1 0
github.com/terrpan/polly/internal/clients/github.go:228.2,228.21 1 0
github.com/terrpan/polly/internal/clients/github.go:232.121,234.16 2 2
github.com/terrpan/polly/internal/clients/github.go:234.16,236.3 1 1
github.com/terrpan/polly/internal/clients/github.go:238.2,238.22 1 1
github.com/terrpan/polly/internal/clients/opa.go:21.55,22.19 1 7
github.com/terrpan/polly/internal/clients/opa.go:22.19,24.3 1 1
github.com/terrpan/polly/internal/clients/opa.go:25.2,31.8 1 6
github.com/terrpan/polly/internal/clients/opa.go:35.105,37.16 2 7
github.com/terrpan/polly/internal/clients/opa.go:37.16,39.3 1 1
github.com/terrpan/polly/internal/clients/opa.go:40.2,40.29 1 6
github.com/terrpan/polly/internal/clients/opa.go:43.79,49.2 2 1
github.com/terrpan/polly/internal/clients/opa.go:52.121,58.16 3 0
github.com/terrpan/polly/internal/clients/opa.go:58.16,60.3 1 0
github.com/terrpan/polly/internal/clients/opa.go:63.2,63.63 1 0
github.com/terrpan/polly/cmd/server/main.go:16.13,18.44 1 1
github.com/terrpan/polly/cmd/server/main.go:18.44,20.3 1 0
github.com/terrpan/polly/cmd/server/main.go:24.13,29.38 2 0
github.com/terrpan/polly/cmd/server/main.go:29.38,32.17 3 0
github.com/terrpan/polly/cmd/server/main.go:32.17,34.4 1 0
github.com/terrpan/polly/cmd/server/main.go:35.3,35.16 1 0
github.com/terrpan/polly/cmd/server/main.go:35.16,36.40 1 0
github.com/terrpan/polly/cmd/server/main.go:36.40,38.5 1 0
github.com/terrpan/polly/cmd/server/main.go:43.2,44.16 2 0
github.com/terrpan/polly/cmd/server/main.go:44.16,46.3 1 0
github.com/terrpan/polly/cmd/server/main.go:49.2,60.12 3 0
github.com/terrpan/polly/cmd/server/main.go:60.12,61.40 1 0
github.com/terrpan/polly/cmd/server/main.go:61.40,64.4 2 0
github.com/terrpan/polly/cmd/server/main.go:68.2,78.53 7 0
github.com/terrpan/polly/cmd/server/main.go:78.53,81.3 1 0
github.com/terrpan/polly/cmd/server/main.go:84.2,84.56 1 0
github.com/terrpan/polly/cmd/server/main.go:84.56,86.3 1 0
github.com/terrpan/polly/cmd/server/main.go:88.2,88.40 1 0
github.com/terrpan/polly/internal/config/config.go:107.25,122.51 8 2
github.com/terrpan/polly/internal/config/config.go:122.51,124.3 1 0
github.com/terrpan/polly/internal/config/config.go:127.2,131.12 4 2
github.com/terrpan/polly/internal/config/config.go:136.48,138.2 1 4
github.com/terrpan/polly/internal/config/config.go:141.82,142.38 1 20
github.com/terrpan/polly/internal/config/config.go:142.38,147.30 3 92
github.com/terrpan/polly/internal/config/config.go:147.30,148.12 1 0
github.com/terrpan/polly/internal/config/config.go:151.3,152.30 2 92
github.com/terrpan/polly/internal/config/config.go:152.30,153.12 1 12
github.com/terrpan/polly/internal/config/config.go:157.3,158.22 2 80
github.com/terrpan/polly/internal/config/config.go:158.22,160.4 1 24
github.com/terrpan/polly/internal/config/config.go:160.9,162.4 1 56
github.com/terrpan/polly/internal/config/config.go:165.3,165.40 1 80
github.com/terrpan/polly/internal/config/config.go:165.40,167.4 1 16
github.com/terrpan/polly/internal/config/config.go:167.9,170.4 1 64
github.com/terrpan/polly/internal/config/config.go:175.33,177.2 1 3
github.com/terrpan/polly/internal/config/config.go:180.57,182.2 1 1
github.com/terrpan/polly/internal/config/config.go:185.62,188.26 2 3
github.com/terrpan/polly/internal/config/config.go:188.26,190.3 1 1
github.com/terrpan/polly/internal/config/config.go:192.2,192.35 1 2
github.com/terrpan/polly/internal/config/config.go:192.35,194.3 1 1
github.com/terrpan/polly/internal/config/config.go:196.2,200.32 3 1
github.com/terrpan/polly/internal/config/config.go:200.32,202.3 1 0
github.com/terrpan/polly/internal/config/config.go:202.8,202.43 1 1
github.com/terrpan/polly/internal/config/config.go:202.43,205.17 2 0
github.com/terrpan/polly/internal/config/config.go:205.17,207.4 1 0
github.com/terrpan/polly/internal/config/config.go:208.8,210.3 1 1
github.com/terrpan/polly/internal/config/config.go:212.2,216.8 1 0
github.com/terrpan/polly/internal/config/config.go:220.35,224.2 1 2
github.com/terrpan/polly/internal/config/config.go:227.26,229.2 1 3
github.com/terrpan/polly/internal/config/config.go:232.78,233.45 1 20
github.com/terrpan/polly/internal/config/config.go:233.45,237.26 2 92
github.com/terrpan/polly/internal/config/config.go:237.26,238.12 1 0
github.com/terrpan/polly/internal/config/config.go:242.3,243.30 2 92
github.com/terrpan/polly/internal/config/config.go:243.30,244.12 1 12
github.com/terrpan/polly/internal/config/config.go:248.3,249.22 2 80
github.com/terrpan/polly/internal/config/config.go:249.22,251.4 1 24
github.com/terrpan/polly/internal/config/config.go:251.9,253.4 1 56
github.com/terrpan/polly/internal/config/config.go:256.3,260.41 3 80
github.com/terrpan/polly/internal/config/config.go:260.41,263.4 1 16
github.com/terrpan/polly/internal/config/config.go:263.9,266.4 1 64
github.com/terrpan/polly/internal/config/logger.go:9.31,17.33 4 0
github.com/terrpan/polly/internal/config/logger.go:17.33,19.3 1 0
github.com/terrpan/polly/internal/config/logger.go:19.8,21.3 1 0
github.com/terrpan/polly/internal/config/logger.go:22.2,22.26 1 0
github.com/terrpan/polly/internal/config/logger.go:28.45,29.15 1 0
github.com/terrpan/polly/internal/config/logger.go:30.15,31.25 1 0
github.com/terrpan/polly/internal/config/logger.go:32.14,33.24 1 0
github.com/terrpan/polly/internal/config/logger.go:34.15,35.25 1 0
github.com/terrpan/polly/internal/config/logger.go:36.10,37.24 1 0
github.com/terrpan/polly/internal/otel/otel.go:17.110,20.45 2 0
github.com/terrpan/polly/internal/otel/otel.go:20.45,23.36 2 0
github.com/terrpan/polly/internal/otel/otel.go:23.36,25.4 1 0
github.com/terrpan/polly/internal/otel/otel.go:27.3,28.13 2 0
github.com/terrpan/polly/internal/otel/otel.go:31.2,31.33 1 0
github.com/terrpan/polly/internal/otel/otel.go:31.33,33.3 1 0
github.com/terrpan/polly/internal/otel/otel.go:35.2,36.16 2 0
github.com/terrpan/polly/internal/otel/otel.go:36.16,39.3 2 0
github.com/terrpan/polly/internal/otel/otel.go:41.2,44.8 3 0
github.com/terrpan/polly/internal/otel/otel.go:47.95,51.16 2 0
github.com/terrpan/polly/internal/otel/otel.go:51.16,53.3 1 0
github.com/terrpan/polly/internal/otel/otel.go:55.2,56.38 2 0
github.com/terrpan/polly/internal/otel/otel.go:56.38,58.17 2 0
github.com/terrpan/polly/internal/otel/otel.go:58.17,60.4 1 0
github.com/terrpan/polly/internal/otel/otel.go:64.2,71.16 2 0
github.com/terrpan/polly/internal/otel/otel.go:71.16,73.3 1 0
github.com/terrpan/polly/internal/otel/otel.go:75.2,81.24 2 0
github.com/terrpan/polly/internal/otel/otel.go:81.24,83.3 1 0
github.com/terrpan/polly/internal/otel/otel.go:85.2,86.27 2 0
github.com/terrpan/polly/internal/handlers/health.go:19.98,24.2 1 3
github.com/terrpan/polly/internal/handlers/health.go:27.83,36.21 7 3
github.com/terrpan/polly/internal/handlers/health.go:36.21,41.3 4 0
github.com/terrpan/polly/internal/handlers/health.go:43.2,49.34 2 3
github.com/terrpan/polly/internal/handlers/health.go:49.34,52.3 2 3
github.com/terrpan/polly/internal/handlers/health.go:52.8,54.3 1 0
github.com/terrpan/polly/internal/handlers/health.go:56.2,57.60 2 3
github.com/terrpan/polly/internal/handlers/health.go:57.60,61.3 3 0
github.com/terrpan/polly/internal/handlers/webhook.go:38.230,42.16 2 13
github.com/terrpan/polly/internal/handlers/webhook.go:42.16,44.3 1 0
github.com/terrpan/polly/internal/handlers/webhook.go:45.2,55.8 1 13
github.com/terrpan/polly/internal/handlers/webhook.go:59.80,66.16 6 4
github.com/terrpan/polly/internal/handlers/webhook.go:66.16,71.3 4 4
github.com/terrpan/polly/internal/handlers/webhook.go:73.2,76.33 3 0
github.com/terrpan/polly/internal/handlers/webhook.go:77.33,79.62 2 0
github.com/terrpan/polly/internal/handlers/webhook.go:79.62,84.4 4 0
github.com/terrpan/polly/internal/handlers/webhook.go:86.30,88.59 2 0
github.com/terrpan/polly/internal/handlers/webhook.go:88.59,93.4 4 0
github.com/terrpan/polly/internal/handlers/webhook.go:95.33,97.62 2 0
github.com/terrpan/polly/internal/handlers/webhook.go:97.62,102.4 4 0
github.com/terrpan/polly/internal/handlers/webhook.go:104.10,108.9 4 0
github.com/terrpan/polly/internal/handlers/webhook.go:111.2,112.50 2 0
github.com/terrpan/polly/internal/handlers/webhook.go:116.109,132.60 6 0
github.com/terrpan/polly/internal/handlers/webhook.go:132.60,138.3 3 0
github.com/terrpan/polly/internal/handlers/webhook.go:140.2,161.16 8 0
github.com/terrpan/polly/internal/handlers/webhook.go:161.16,169.3 2 0
github.com/terrpan/polly/internal/handlers/webhook.go:172.2,182.16 2 0
github.com/terrpan/polly/internal/handlers/webhook.go:182.16,190.3 2 0
github.com/terrpan/polly/internal/handlers/webhook.go:193.2,199.82 2 0
github.com/terrpan/polly/internal/handlers/webhook.go:204.103,220.35 6 0
github.com/terrpan/polly/internal/handlers/webhook.go:220.35,224.3 3 0
github.com/terrpan/polly/internal/handlers/webhook.go:226.2,247.16 4 0
github.com/terrpan/polly/internal/handlers/webhook.go:247.16,256.3 2 0
github.com/terrpan/polly/internal/handlers/webhook.go:259.2,259.76 1 0
github.com/terrpan/polly/internal/handlers/webhook.go:264.109,292.66 8 0
github.com/terrpan/polly/internal/handlers/webhook.go:292.66,294.3 1 0
github.com/terrpan/polly/internal/handlers/webhook.go:297.2,297.33 1 0
github.com/terrpan/polly/internal/handlers/webhook.go:297.33,299.3 1 0
github.com/terrpan/polly/internal/handlers/webhook.go:302.2,306.12 3 0
github.com/terrpan/polly/internal/handlers/webhook.go:310.154,323.13 5 0
github.com/terrpan/polly/internal/handlers/webhook.go:323.13,328.3 2 0
github.com/terrpan/polly/internal/handlers/webhook.go:330.2,337.16 3 0
github.com/terrpan/polly/internal/handlers/webhook.go:337.16,345.3 2 0
github.com/terrpan/polly/internal/handlers/webhook.go:348.2,348.99 1 0
github.com/terrpan/polly/internal/handlers/webhook.go:348.99,354.3 2 0
github.com/terrpan/polly/internal/handlers/webhook.go:357.2,366.12 5 0
github.com/terrpan/polly/internal/handlers/webhook.go:370.156,372.47 1 0
github.com/terrpan/polly/internal/handlers/webhook.go:372.47,379.3 2 0
github.com/terrpan/polly/internal/handlers/webhook.go:381.2,381.42 1 0
github.com/terrpan/polly/internal/handlers/webhook.go:381.42,386.3 2 0
github.com/terrpan/polly/internal/handlers/webhook.go:388.2,397.16 3 0
github.com/terrpan/polly/internal/handlers/webhook.go:397.16,405.3 2 0
github.com/terrpan/polly/internal/handlers/webhook.go:407.2,407.24 1 0
github.com/terrpan/polly/internal/handlers/webhook.go:407.24,416.3 2 0
github.com/terrpan/polly/internal/handlers/webhook.go:419.2,423.13 4 0
github.com/terrpan/polly/internal/handlers/webhook.go:423.13,428.3 2 0
github.com/terrpan/polly/internal/handlers/webhook.go:431.2,432.16 2 0
github.com/terrpan/polly/internal/handlers/webhook.go:432.16,438.3 2 0
github.com/terrpan/polly/internal/handlers/webhook.go:440.2,440.21 1 0
github.com/terrpan/polly/internal/handlers/webhook.go:440.21,445.3 2 0
github.com/terrpan/polly/internal/handlers/webhook.go:448.2,448.94 1 0
github.com/terrpan/polly/internal/handlers/webhook.go:452.114,454.16 2 1
github.com/terrpan/polly/internal/handlers/webhook.go:454.16,460.3 2 0
github.com/terrpan/polly/internal/handlers/webhook.go:462.2,462.21 1 1
github.com/terrpan/polly/internal/handlers/webhook.go:462.21,464.3 1 1
github.com/terrpan/polly/internal/handlers/webhook.go:466.2,466.95 1 0
github.com/terrpan/polly/internal/handlers/webhook.go:470.113,475.13 4 4
github.com/terrpan/polly/internal/handlers/webhook.go:475.13,480.3 2 2
github.com/terrpan/polly/internal/handlers/webhook.go:482.2,487.24 2 2
github.com/terrpan/polly/internal/handlers/webhook.go:491.123,504.16 3 0
github.com/terrpan/polly/internal/handlers/webhook.go:504.16,512.3 2 0
github.com/terrpan/polly/internal/handlers/webhook.go:514.2,514.22 1 0
github.com/terrpan/polly/internal/handlers/webhook.go:518.139,519.24 1 3
github.com/terrpan/polly/internal/handlers/webhook.go:519.24,525.3 1 1
github.com/terrpan/polly/internal/handlers/webhook.go:526.2,526.18 1 2
github.com/terrpan/polly/internal/handlers/webhook.go:526.18,532.3 1 1
github.com/terrpan/polly/internal/handlers/webhook.go:533.2,537.3 1 1
github.com/terrpan/polly/internal/handlers/webhook.go:541.127,551.16 4 0
github.com/terrpan/polly/internal/handlers/webhook.go:551.16,554.3 2 0
github.com/terrpan/polly/internal/handlers/webhook.go:556.2,556.89 1 0
github.com/terrpan/polly/internal/handlers/webhook.go:560.159,569.16 2 0
github.com/terrpan/polly/internal/handlers/webhook.go:569.16,577.3 2 0
github.com/terrpan/polly/internal/handlers/webhook.go:578.2,585.12 2 0
github.com/terrpan/polly/internal/handlers/webhook.go:589.184,594.35 4 0
github.com/terrpan/polly/internal/handlers/webhook.go:594.35,604.17 3 0
github.com/terrpan/polly/internal/handlers/webhook.go:604.17,607.64 2 0
github.com/terrpan/polly/internal/handlers/webhook.go:607.64,612.5 2 0
github.com/terrpan/polly/internal/handlers/webhook.go:613.4,613.12 1 0
github.com/terrpan/polly/internal/handlers/webhook.go:617.3,617.30 1 0
github.com/terrpan/polly/internal/handlers/webhook.go:617.30,625.4 3 0
github.com/terrpan/polly/internal/handlers/webhook.go:629.2,629.35 1 0
github.com/terrpan/polly/internal/handlers/webhook.go:629.35,631.101 2 0
github.com/terrpan/polly/internal/handlers/webhook.go:631.101,633.4 1 0
github.com/terrpan/polly/internal/handlers/webhook.go:637.2,644.16 3 0
github.com/terrpan/polly/internal/handlers/webhook.go:644.16,651.3 2 0
github.com/terrpan/polly/internal/handlers/webhook.go:652.2,652.100 1 0
github.com/terrpan/polly/internal/handlers/webhook.go:656.110,658.29 2 1
github.com/terrpan/polly/internal/handlers/webhook.go:658.29,662.21 2 2
github.com/terrpan/polly/internal/handlers/webhook.go:662.21,664.4 1 2
github.com/terrpan/polly/internal/handlers/webhook.go:665.3,665.47 1 2
github.com/terrpan/polly/internal/handlers/webhook.go:667.2,668.64 1 1
github.com/terrpan/polly/internal/handlers/webhook.go:672.146,674.32 1 0
github.com/terrpan/polly/internal/handlers/webhook.go:675.33,676.95 1 0
github.com/terrpan/polly/internal/handlers/webhook.go:677.30,678.88 1 0
github.com/terrpan/polly/internal/handlers/webhook.go:679.33,680.94 1 0
github.com/terrpan/polly/internal/handlers/webhook.go:681.10,683.23 1 0
github.com/terrpan/polly/internal/services/checks.go:50.93,55.2 1 4
github.com/terrpan/polly/internal/services/checks.go:58.137,71.16 6 2
github.com/terrpan/polly/internal/services/checks.go:71.16,81.3 3 2
github.com/terrpan/polly/internal/services/checks.go:83.2,92.22 3 0
github.com/terrpan/polly/internal/services/checks.go:96.127,110.19 6 0
github.com/terrpan/polly/internal/services/checks.go:111.26,114.96 3 0
github.com/terrpan/polly/internal/services/checks.go:115.33,118.93 3 0
github.com/terrpan/polly/internal/services/checks.go:121.2,128.16 3 0
github.com/terrpan/polly/internal/services/checks.go:128.16,138.3 3 0
github.com/terrpan/polly/internal/services/checks.go:140.2,146.12 2 0
github.com/terrpan/polly/internal/services/checks.go:150.184,165.22 6 1
github.com/terrpan/polly/internal/services/checks.go:165.22,167.3 1 1
github.com/terrpan/polly/internal/services/checks.go:169.2,176.16 3 1
github.com/terrpan/polly/internal/services/checks.go:176.16,187.3 3 1
github.com/terrpan/polly/internal/services/checks.go:189.2,196.12 2 0
github.com/terrpan/polly/internal/services/checks.go:200.116,202.2 1 0
github.com/terrpan/polly/internal/services/checks.go:204.123,206.2 1 0
github.com/terrpan/polly/internal/services/checks.go:208.106,210.2 1 0
github.com/terrpan/polly/internal/services/checks.go:212.113,214.2 1 0
github.com/terrpan/polly/internal/services/checks.go:216.163,218.2 1 0
github.com/terrpan/polly/internal/services/checks.go:220.170,222.2 1 0
github.com/terrpan/polly/internal/services/checks.go:224.131,231.2 2 0
github.com/terrpan/polly/internal/services/comment.go:18.97,23.2 1 5
github.com/terrpan/polly/internal/services/comment.go:26.114,41.16 7 4
github.com/terrpan/polly/internal/services/comment.go:41.16,45.3 3 4
github.com/terrpan/polly/internal/services/comment.go:47.2,48.12 2 0
github.com/terrpan/polly/internal/services/health.go:43.89,48.2 1 5
github.com/terrpan/polly/internal/services/health.go:51.81,79.2 10 4
github.com/terrpan/polly/internal/services/health.go:82.77,89.24 5 4
github.com/terrpan/polly/internal/services/health.go:89.24,98.3 3 0
github.com/terrpan/polly/internal/services/health.go:100.2,106.16 5 4
github.com/terrpan/polly/internal/services/health.go:106.16,118.3 3 4
github.com/terrpan/polly/internal/services/health.go:119.2,121.38 2 0
github.com/terrpan/polly/internal/services/health.go:121.38,133.3 3 0
github.com/terrpan/polly/internal/services/health.go:133.8,146.3 3 0
github.com/terrpan/polly/internal/services/health.go:151.90,155.35 3 4
github.com/terrpan/polly/internal/services/health.go:155.35,156.21 1 4
github.com/terrpan/polly/internal/services/health.go:157.16,158.19 1 4
github.com/terrpan/polly/internal/services/health.go:159.19,160.22 1 0
github.com/terrpan/polly/internal/services/health.go:163.2,163.14 1 4
github.com/terrpan/polly/internal/services/health.go:163.14,165.3 1 4
github.com/terrpan/polly/internal/services/health.go:166.2,166.17 1 0
github.com/terrpan/polly/internal/services/health.go:166.17,168.3 1 0
github.com/terrpan/polly/internal/services/health.go:169.2,169.18 1 0
github.com/terrpan/polly/internal/services/policy.go:53.89,58.2 1 4
github.com/terrpan/polly/internal/services/policy.go:61.119,79.16 9 4
github.com/terrpan/polly/internal/services/policy.go:79.16,86.3 3 4
github.com/terrpan/polly/internal/services/policy.go:87.2,90.38 3 0
github.com/terrpan/polly/internal/services/policy.go:90.38,97.3 3 0
github.com/terrpan/polly/internal/services/policy.go:99.2,100.16 2 0
github.com/terrpan/polly/internal/services/policy.go:100.16,107.3 3 0
github.com/terrpan/polly/internal/services/policy.go:109.2,112.62 2 0
github.com/terrpan/polly/internal/services/policy.go:112.62,119.3 3 0
github.com/terrpan/polly/internal/services/policy.go:121.2,121.35 1 0
github.com/terrpan/polly/internal/services/policy.go:125.95,138.16 7 2
github.com/terrpan/polly/internal/services/policy.go:138.16,142.3 3 2
github.com/terrpan/polly/internal/services/policy.go:144.2,146.20 3 0
github.com/terrpan/polly/internal/services/policy.go:150.135,168.16 7 2
github.com/terrpan/polly/internal/services/policy.go:168.16,172.3 3 2
github.com/terrpan/polly/internal/services/policy.go:174.2,183.20 3 0
github.com/terrpan/polly/internal/services/security.go:140.99,145.2 1 7
github.com/terrpan/polly/internal/services/security.go:148.157,162.16 6 3
github.com/terrpan/polly/internal/services/security.go:162.16,164.3 1 3
github.com/terrpan/polly/internal/services/security.go:166.2,166.33 1 0
github.com/terrpan/polly/internal/services/security.go:166.33,169.3 2 0
github.com/terrpan/polly/internal/services/security.go:172.2,172.91 1 0
github.com/terrpan/polly/internal/services/security.go:176.141,178.2 1 4
github.com/terrpan/polly/internal/services/security.go:181.182,186.37 3 3
github.com/terrpan/polly/internal/services/security.go:186.37,193.24 2 2
github.com/terrpan/polly/internal/services/security.go:194.38,196.18 2 1
github.com/terrpan/polly/internal/services/security.go:196.18,202.13 2 1
github.com/terrpan/polly/internal/services/security.go:204.4,204.40 1 0
github.com/terrpan/polly/internal/services/security.go:206.29,208.100 1 0
github.com/terrpan/polly/internal/services/security.go:210.11,214.5 1 1
github.com/terrpan/polly/internal/services/security.go:218.2,222.22 2 3
github.com/terrpan/polly/internal/services/security.go:226.147,233.16 5 4
github.com/terrpan/polly/internal/services/security.go:233.16,235.3 1 4
github.com/terrpan/polly/internal/services/security.go:237.2,237.25 1 0
github.com/terrpan/polly/internal/services/security.go:237.25,244.3 2 0
github.com/terrpan/polly/internal/services/security.go:246.2,254.37 3 0
github.com/terrpan/polly/internal/services/security.go:254.37,263.17 3 0
github.com/terrpan/polly/internal/services/security.go:263.17,269.12 2 0
github.com/terrpan/polly/internal/services/security.go:273.3,274.17 2 0
github.com/terrpan/polly/internal/services/security.go:274.17,278.12 2 0
github.com/terrpan/polly/internal/services/security.go:281.3,281.66 1 0
github.com/terrpan/polly/internal/services/security.go:284.2,285.31 2 0
github.com/terrpan/polly/internal/services/security.go:289.111,292.16 2 0
github.com/terrpan/polly/internal/services/security.go:292.16,294.3 1 0
github.com/terrpan/polly/internal/services/security.go:296.2,299.38 2 0
github.com/terrpan/polly/internal/services/security.go:299.38,300.30 1 0
github.com/terrpan/polly/internal/services/security.go:300.30,301.12 1 0
github.com/terrpan/polly/internal/services/security.go:304.3,308.17 3 0
github.com/terrpan/polly/internal/services/security.go:308.17,310.12 2 0
github.com/terrpan/polly/internal/services/security.go:313.3,315.17 3 0
github.com/terrpan/polly/internal/services/security.go:315.17,317.12 2 0
github.com/terrpan/polly/internal/services/security.go:321.3,322.42 2 0
github.com/terrpan/polly/internal/services/security.go:322.42,335.4 2 0
github.com/terrpan/polly/internal/services/security.go:338.2,338.31 1 0
github.com/terrpan/polly/internal/services/security.go:342.95,344.28 1 3
github.com/terrpan/polly/internal/services/security.go:344.28,348.3 2 0
github.com/terrpan/polly/internal/services/security.go:351.2,351.33 1 3
github.com/terrpan/polly/internal/services/security.go:351.33,354.3 2 0
github.com/terrpan/polly/internal/services/security.go:357.2,357.29 1 3
github.com/terrpan/polly/internal/services/security.go:357.29,360.3 2 0
github.com/terrpan/polly/internal/services/security.go:362.2,362.28 1 3
github.com/terrpan/polly/internal/services/security.go:366.199,369.71 2 1
github.com/terrpan/polly/internal/services/security.go:369.71,376.3 2 1
github.com/terrpan/polly/internal/services/security.go:379.2,400.45 4 0
github.com/terrpan/polly/internal/services/security.go:400.45,401.36 1 0
github.com/terrpan/polly/internal/services/security.go:401.36,402.12 1 0
github.com/terrpan/polly/internal/services/security.go:406.3,406.47 1 0
github.com/terrpan/polly/internal/services/security.go:406.47,412.71 3 0
github.com/terrpan/polly/internal/services/security.go:412.71,414.5 1 0
github.com/terrpan/polly/internal/services/security.go:419.2,454.21 4 0
github.com/terrpan/polly/internal/services/security.go:458.97,479.2 2 0
github.com/terrpan/polly/internal/services/security.go:483.65,484.25 1 0
github.com/terrpan/polly/internal/services/security.go:484.25,486.3 1 0
github.com/terrpan/polly/internal/services/security.go:489.2,489.38 1 0
github.com/terrpan/polly/internal/services/security.go:489.38,490.37 1 0
github.com/terrpan/polly/internal/services/security.go:490.37,491.32 1 0
github.com/terrpan/polly/internal/services/security.go:491.32,493.5 1 0
github.com/terrpan/polly/internal/services/security.go:498.2,499.30 2 0
github.com/terrpan/polly/internal/services/security.go:499.30,500.33 1 0
github.com/terrpan/polly/internal/services/security.go:500.33,502.4 1 0
github.com/terrpan/polly/internal/services/security.go:504.2,504.12 1 0
github.com/terrpan/polly/internal/services/security.go:508.40,509.20 1 0
github.com/terrpan/polly/internal/services/security.go:509.20,511.3 1 0
github.com/terrpan/polly/internal/services/security.go:512.2,512.19 1 0
github.com/terrpan/polly/internal/services/security.go:512.19,514.3 1 0
github.com/terrpan/polly/internal/services/security.go:515.2,515.19 1 0
github.com/terrpan/polly/internal/services/security.go:515.19,517.3 1 0
github.com/terrpan/polly/internal/services/security.go:518.2,518.10 1 0
github.com/terrpan/polly/internal/services/security.go:522.44,539.47 2 16
github.com/terrpan/polly/internal/services/security.go:539.47,540.40 1 145
github.com/terrpan/polly/internal/services/security.go:540.40,542.4 1 8
github.com/terrpan/polly/internal/services/security.go:546.2,546.18 1 8
github.com/terrpan/polly/internal/services/security.go:551.42,554.16 2 4
github.com/terrpan/polly/internal/services/security.go:554.16,556.3 1 3
github.com/terrpan/polly/internal/services/security.go:557.2,557.16 1 1
github.com/terrpan/polly/internal/services/security.go:557.16,559.3 1 0
github.com/terrpan/polly/internal/services/security.go:561.2,561.23 1 1
github.com/terrpan/polly/internal/services/security.go:561.23,563.3 1 1
github.com/terrpan/polly/internal/services/security.go:565.2,565.28 1 0
github.com/terrpan/polly/internal/services/security.go:565.28,567.3 1 0
github.com/terrpan/polly/internal/services/security.go:569.2,569.24 1 0
github.com/terrpan/polly/internal/services/security.go:569.24,571.3 1 0
github.com/terrpan/polly/internal/services/security.go:573.2,573.13 1 0
github.com/terrpan/polly/internal/services/security.go:577.41,579.16 2 4
github.com/terrpan/polly/internal/services/security.go:579.16,581.3 1 4
github.com/terrpan/polly/internal/services/security.go:583.2,583.16 1 0
github.com/terrpan/polly/internal/services/security.go:583.16,585.3 1 0
github.com/terrpan/polly/internal/services/security.go:587.2,587.27 1 0
github.com/terrpan/polly/internal/services/security.go:587.27,589.3 1 0
github.com/terrpan/polly/internal/services/security.go:591.2,591.27 1 0
github.com/terrpan/polly/internal/services/security.go:591.27,593.3 1 0
github.com/terrpan/polly/internal/services/security.go:595.2,595.30 1 0
github.com/terrpan/polly/internal/services/security.go:595.30,597.3 1 0
github.com/terrpan/polly/internal/services/security.go:599.2,599.28 1 0
github.com/terrpan/polly/internal/services/security.go:599.28,601.3 1 0
github.com/terrpan/polly/internal/services/security.go:602.2,602.33 1 0
github.com/terrpan/polly/internal/services/security.go:602.33,604.3 1 0
github.com/terrpan/polly/internal/services/security.go:605.2,605.29 1 0
github.com/terrpan/polly/internal/services/security.go:605.29,607.3 1 0
github.com/terrpan/polly/internal/services/security.go:609.2,609.50 1 0
github.com/terrpan/polly/internal/services/security.go:609.50,611.3 1 0
github.com/terrpan/polly/internal/services/security.go:612.2,612.34 1 0
github.com/terrpan/polly/internal/services/security.go:612.34,614.3 1 0
github.com/terrpan/polly/internal/services/security.go:616.2,616.13 1 0
github.com/terrpan/polly/internal/services/security.go:620.46,623.57 2 3
github.com/terrpan/polly/internal/services/security.go:623.57,625.3 1 2
github.com/terrpan/polly/internal/services/security.go:627.2,627.31 1 1
github.com/terrpan/polly/internal/services/security.go:627.31,629.3 1 1
github.com/terrpan/polly/internal/services/security.go:631.2,631.31 1 0
github.com/terrpan/polly/internal/services/security.go:631.31,633.3 1 0
github.com/terrpan/polly/internal/services/security.go:635.2,635.27 1 0
github.com/terrpan/polly/internal/services/security.go:635.27,637.3 1 0
github.com/terrpan/polly/internal/services/security.go:639.2,639.13 1 0
